[debug] [2021-06-26T18:43:03.079Z] ----------------------------------------------------------------------
[debug] [2021-06-26T18:43:03.081Z] Command:       /home/tal/.nvm/versions/node/v14.17.1/bin/node /usr/bin/firebase emulators:start
[debug] [2021-06-26T18:43:03.081Z] CLI Version:   9.14.0
[debug] [2021-06-26T18:43:03.081Z] Platform:      linux
[debug] [2021-06-26T18:43:03.081Z] Node Version:  v14.17.1
[debug] [2021-06-26T18:43:03.082Z] Time:          Sat Jun 26 2021 21:43:03 GMT+0300 (Eastern European Summer Time)
[debug] [2021-06-26T18:43:03.082Z] ----------------------------------------------------------------------
[debug] 
[debug] [2021-06-26T18:43:03.086Z] > command requires scopes: ["email","openid","https://www.googleapis.com/auth/cloudplatformprojects.readonly","https://www.googleapis.com/auth/firebase","https://www.googleapis.com/auth/cloud-platform"]
[debug] [2021-06-26T18:43:03.086Z] > authorizing via signed-in user (liutao.gao@gmail.com)
[info] i  emulators: Starting emulators: functions, hosting {"metadata":{"emulator":{"name":"hub"},"message":"Starting emulators: functions, hosting"}}
[warn] ⚠  emulators: It seems that you are running multiple instances of the emulator suite for project clone-8de1f. This may result in unexpected behavior. 
[debug] [2021-06-26T18:43:03.109Z] [hub] writing locator at /tmp/hub-clone-8de1f.json
[warn] ⚠  functions: The following emulators are not running, calls to these services from the Functions emulator will affect production: auth, firestore, database, pubsub, storage {"metadata":{"emulator":{"name":"functions"},"message":"The following emulators are not running, calls to these services from the Functions emulator will affect production: \u001b[1mauth, firestore, database, pubsub, storage\u001b[22m"}}
[info] ✔  functions: Using node@14 from host. {"metadata":{"emulator":{"name":"functions"},"message":"Using node@14 from host."}}
[debug] [2021-06-26T18:43:03.144Z] defaultcredentials: writing to file /home/tal/.config/firebase/liutao_gao_gmail.com_application_default_credentials.json
[debug] [2021-06-26T18:43:03.147Z] Setting GAC to /home/tal/.config/firebase/liutao_gao_gmail.com_application_default_credentials.json {"metadata":{"emulator":{"name":"functions"},"message":"Setting GAC to /home/tal/.config/firebase/liutao_gao_gmail.com_application_default_credentials.json"}}
[debug] [2021-06-26T18:43:03.149Z] >>> [apiv2][query] GET https://firebase.googleapis.com/v1beta1/projects/clone-8de1f/adminSdkConfig [none]
[debug] [2021-06-26T18:43:03.528Z] <<< [apiv2][status] GET https://firebase.googleapis.com/v1beta1/projects/clone-8de1f/adminSdkConfig 200
[debug] [2021-06-26T18:43:03.528Z] <<< [apiv2][body] GET https://firebase.googleapis.com/v1beta1/projects/clone-8de1f/adminSdkConfig {"projectId":"clone-8de1f","storageBucket":"clone-8de1f.appspot.com"}
[debug] [2021-06-26T18:43:03.549Z] >>> [apiv2][query] GET https://firebasehosting.googleapis.com/v1beta1/projects/clone-8de1f/sites 
[debug] [2021-06-26T18:43:04.417Z] <<< [apiv2][status] GET https://firebasehosting.googleapis.com/v1beta1/projects/clone-8de1f/sites 200
[debug] [2021-06-26T18:43:04.417Z] <<< [apiv2][body] GET https://firebasehosting.googleapis.com/v1beta1/projects/clone-8de1f/sites {"sites":[{"name":"projects/349590860854/sites/clone-8de1f","defaultUrl":"https://clone-8de1f.web.app","appId":"1:349590860854:web:abb14c2576b878108f1497","type":"DEFAULT_SITE"}]}
[debug] [2021-06-26T18:43:04.417Z] >>> [apiv2][query] GET https://firebase.googleapis.com/v1beta1/projects/clone-8de1f/webApps/1:349590860854:web:abb14c2576b878108f1497/config [none]
[debug] [2021-06-26T18:43:05.231Z] <<< [apiv2][status] GET https://firebase.googleapis.com/v1beta1/projects/clone-8de1f/webApps/1:349590860854:web:abb14c2576b878108f1497/config 200
[debug] [2021-06-26T18:43:05.231Z] <<< [apiv2][body] GET https://firebase.googleapis.com/v1beta1/projects/clone-8de1f/webApps/1:349590860854:web:abb14c2576b878108f1497/config {"projectId":"clone-8de1f","appId":"1:349590860854:web:abb14c2576b878108f1497","storageBucket":"clone-8de1f.appspot.com","apiKey":"AIzaSyCBjCiUFyXHTzmG3qB5Xo0py6N2cCB0jIE","authDomain":"clone-8de1f.firebaseapp.com","messagingSenderId":"349590860854","measurementId":"G-12GHHD9BQ9"}
[info] i  hosting: Serving hosting files from: build {"metadata":{"emulator":{"name":"hosting"},"message":"Serving hosting files from: \u001b[1mbuild\u001b[22m"}}
[info] ✔  hosting: Local server: http://localhost:5000 {"metadata":{"emulator":{"name":"hosting"},"message":"Local server: \u001b[4m\u001b[1mhttp://localhost:5000\u001b[22m\u001b[24m"}}
[debug] [2021-06-26T18:43:05.278Z] Ignoring unsupported arg: auto_download {"metadata":{"emulator":{"name":"ui"},"message":"Ignoring unsupported arg: auto_download"}}
[debug] [2021-06-26T18:43:05.278Z] Ignoring unsupported arg: port {"metadata":{"emulator":{"name":"ui"},"message":"Ignoring unsupported arg: port"}}
[debug] [2021-06-26T18:43:05.279Z] Starting Emulator UI with command {"binary":"node","args":["/home/tal/.cache/firebase/emulators/ui-v1.5.0/server.bundle.js"],"optionalArgs":[],"joinArgs":false} {"metadata":{"emulator":{"name":"ui"},"message":"Starting Emulator UI with command {\"binary\":\"node\",\"args\":[\"/home/tal/.cache/firebase/emulators/ui-v1.5.0/server.bundle.js\"],\"optionalArgs\":[],\"joinArgs\":false}"}}
[info] i  ui: Emulator UI logging to ui-debug.log {"metadata":{"emulator":{"name":"ui"},"message":"Emulator UI logging to \u001b[1mui-debug.log\u001b[22m"}}
[debug] [2021-06-26T18:43:05.379Z] Web / API server started at http://localhost:4000
 {"metadata":{"emulator":{"name":"ui"},"message":"Web / API server started at http://localhost:4000\n"}}
[info] i  functions: Watching "/home/tal/Documents/amazon-clone/functions" for Cloud Functions... {"metadata":{"emulator":{"name":"functions"},"message":"Watching \"/home/tal/Documents/amazon-clone/functions\" for Cloud Functions..."}}
[debug] [2021-06-26T18:43:05.592Z] [worker-pool] addWorker(~diagnostic~) {"metadata":{"emulator":{"name":"functions"},"message":"[worker-pool] addWorker(~diagnostic~)"}}
[debug] [2021-06-26T18:43:05.593Z] [worker-pool] Adding worker with key ~diagnostic~, total=1 {"metadata":{"emulator":{"name":"functions"},"message":"[worker-pool] Adding worker with key ~diagnostic~, total=1"}}
[debug] [2021-06-26T18:43:05.593Z] [worker-pool] submitWork(triggerId=) {"metadata":{"emulator":{"name":"functions"},"message":"[worker-pool] submitWork(triggerId=)"}}
[debug] [2021-06-26T18:43:05.595Z] [worker-~diagnostic~-9597f54b-cc1d-4c62-9057-ef17e122111d]: Assigning socketPath: /tmp/fire_emu_69992.sock {"metadata":{"emulator":{"name":"functions"},"message":"[worker-~diagnostic~-9597f54b-cc1d-4c62-9057-ef17e122111d]: Assigning socketPath: /tmp/fire_emu_69992.sock"}}
[debug] [2021-06-26T18:43:05.596Z] [worker-~diagnostic~-9597f54b-cc1d-4c62-9057-ef17e122111d]: BUSY {"metadata":{"emulator":{"name":"functions"},"message":"[worker-~diagnostic~-9597f54b-cc1d-4c62-9057-ef17e122111d]: BUSY"}}
[debug] [2021-06-26T18:43:05.697Z] [runtime-status] [69992] Functions runtime initialized. {"cwd":"/home/tal/Documents/amazon-clone/functions","node_version":"14.17.1"} {"metadata":{"emulator":{"name":"functions"},"message":"[runtime-status] [69992] Functions runtime initialized. {\"cwd\":\"/home/tal/Documents/amazon-clone/functions\",\"node_version\":\"14.17.1\"}"}}
[debug] [2021-06-26T18:43:05.699Z] [runtime-status] [69992] Disabled runtime features: undefined {"metadata":{"emulator":{"name":"functions"},"message":"[runtime-status] [69992] Disabled runtime features: undefined"}}
[debug] [2021-06-26T18:43:05.700Z] [runtime-status] [69992] Resolved module firebase-admin {"declared":true,"installed":true,"version":"9.10.0","resolution":"/home/tal/Documents/amazon-clone/functions/node_modules/firebase-admin/lib/index.js"} {"metadata":{"emulator":{"name":"functions"},"message":"[runtime-status] [69992] Resolved module firebase-admin {\"declared\":true,\"installed\":true,\"version\":\"9.10.0\",\"resolution\":\"/home/tal/Documents/amazon-clone/functions/node_modules/firebase-admin/lib/index.js\"}"}}
[debug] [2021-06-26T18:43:05.701Z] [runtime-status] [69992] Resolved module firebase-functions {"declared":true,"installed":true,"version":"3.14.1","resolution":"/home/tal/Documents/amazon-clone/functions/node_modules/firebase-functions/lib/index.js"} {"metadata":{"emulator":{"name":"functions"},"message":"[runtime-status] [69992] Resolved module firebase-functions {\"declared\":true,\"installed\":true,\"version\":\"3.14.1\",\"resolution\":\"/home/tal/Documents/amazon-clone/functions/node_modules/firebase-functions/lib/index.js\"}"}}
[debug] [2021-06-26T18:43:05.704Z] [runtime-status] [69992] Resolved module firebase-functions {"declared":true,"installed":true,"version":"3.14.1","resolution":"/home/tal/Documents/amazon-clone/functions/node_modules/firebase-functions/lib/index.js"} {"metadata":{"emulator":{"name":"functions"},"message":"[runtime-status] [69992] Resolved module firebase-functions {\"declared\":true,\"installed\":true,\"version\":\"3.14.1\",\"resolution\":\"/home/tal/Documents/amazon-clone/functions/node_modules/firebase-functions/lib/index.js\"}"}}
[debug] [2021-06-26T18:43:05.705Z] [runtime-status] [69992] Outgoing network have been stubbed. [{"name":"http","status":"mocked"},{"name":"http","status":"mocked"},{"name":"https","status":"mocked"},{"name":"https","status":"mocked"},{"name":"net","status":"mocked"}] {"metadata":{"emulator":{"name":"functions"},"message":"[runtime-status] [69992] Outgoing network have been stubbed. [{\"name\":\"http\",\"status\":\"mocked\"},{\"name\":\"http\",\"status\":\"mocked\"},{\"name\":\"https\",\"status\":\"mocked\"},{\"name\":\"https\",\"status\":\"mocked\"},{\"name\":\"net\",\"status\":\"mocked\"}]"}}
[debug] [2021-06-26T18:43:05.706Z] [runtime-status] [69992] Resolved module firebase-functions {"declared":true,"installed":true,"version":"3.14.1","resolution":"/home/tal/Documents/amazon-clone/functions/node_modules/firebase-functions/lib/index.js"} {"metadata":{"emulator":{"name":"functions"},"message":"[runtime-status] [69992] Resolved module firebase-functions {\"declared\":true,\"installed\":true,\"version\":\"3.14.1\",\"resolution\":\"/home/tal/Documents/amazon-clone/functions/node_modules/firebase-functions/lib/index.js\"}"}}
[debug] [2021-06-26T18:43:05.731Z] [runtime-status] [69992] Checked functions.config() {"config":{}} {"metadata":{"emulator":{"name":"functions"},"message":"[runtime-status] [69992] Checked functions.config() {\"config\":{}}"}}
[debug] [2021-06-26T18:43:05.732Z] [runtime-status] [69992] firebase-functions has been stubbed. {"functionsResolution":{"declared":true,"installed":true,"version":"3.14.1","resolution":"/home/tal/Documents/amazon-clone/functions/node_modules/firebase-functions/lib/index.js"}} {"metadata":{"emulator":{"name":"functions"},"message":"[runtime-status] [69992] firebase-functions has been stubbed. {\"functionsResolution\":{\"declared\":true,\"installed\":true,\"version\":\"3.14.1\",\"resolution\":\"/home/tal/Documents/amazon-clone/functions/node_modules/firebase-functions/lib/index.js\"}}"}}
[debug] [2021-06-26T18:43:05.732Z] [runtime-status] [69992] Resolved module firebase-functions {"declared":true,"installed":true,"version":"3.14.1","resolution":"/home/tal/Documents/amazon-clone/functions/node_modules/firebase-functions/lib/index.js"} {"metadata":{"emulator":{"name":"functions"},"message":"[runtime-status] [69992] Resolved module firebase-functions {\"declared\":true,\"installed\":true,\"version\":\"3.14.1\",\"resolution\":\"/home/tal/Documents/amazon-clone/functions/node_modules/firebase-functions/lib/index.js\"}"}}
[debug] [2021-06-26T18:43:05.733Z] [runtime-status] [69992] Resolved module firebase-admin {"declared":true,"installed":true,"version":"9.10.0","resolution":"/home/tal/Documents/amazon-clone/functions/node_modules/firebase-admin/lib/index.js"} {"metadata":{"emulator":{"name":"functions"},"message":"[runtime-status] [69992] Resolved module firebase-admin {\"declared\":true,\"installed\":true,\"version\":\"9.10.0\",\"resolution\":\"/home/tal/Documents/amazon-clone/functions/node_modules/firebase-admin/lib/index.js\"}"}}
[debug] [2021-06-26T18:43:05.733Z] [runtime-status] [69992] Resolved module firebase-functions {"declared":true,"installed":true,"version":"3.14.1","resolution":"/home/tal/Documents/amazon-clone/functions/node_modules/firebase-functions/lib/index.js"} {"metadata":{"emulator":{"name":"functions"},"message":"[runtime-status] [69992] Resolved module firebase-functions {\"declared\":true,\"installed\":true,\"version\":\"3.14.1\",\"resolution\":\"/home/tal/Documents/amazon-clone/functions/node_modules/firebase-functions/lib/index.js\"}"}}
[debug] [2021-06-26T18:43:05.734Z] [runtime-status] [69992] firebase-admin has been stubbed. {"adminResolution":{"declared":true,"installed":true,"version":"9.10.0","resolution":"/home/tal/Documents/amazon-clone/functions/node_modules/firebase-admin/lib/index.js"}} {"metadata":{"emulator":{"name":"functions"},"message":"[runtime-status] [69992] firebase-admin has been stubbed. {\"adminResolution\":{\"declared\":true,\"installed\":true,\"version\":\"9.10.0\",\"resolution\":\"/home/tal/Documents/amazon-clone/functions/node_modules/firebase-admin/lib/index.js\"}}"}}
[info] ✔  functions[us-central1-api]: http function initialized (http://localhost:5001/clone-8de1f/us-central1/api). {"metadata":{"emulator":{"name":"functions"},"message":"\u001b[1mhttp\u001b[22m function initialized (http://localhost:5001/clone-8de1f/us-central1/api)."}}
[info] 
┌─────────────────────────────────────────────────────────────┐
│ ✔  All emulators ready! It is now safe to connect your app. │
│ i  View Emulator UI at http://localhost:4000                │
└─────────────────────────────────────────────────────────────┘

┌───────────┬────────────────┬─────────────────────────────────┐
│ Emulator  │ Host:Port      │ View in Emulator UI             │
├───────────┼────────────────┼─────────────────────────────────┤
│ Functions │ localhost:5001 │ http://localhost:4000/functions │
├───────────┼────────────────┼─────────────────────────────────┤
│ Hosting   │ localhost:5000 │ n/a                             │
└───────────┴────────────────┴─────────────────────────────────┘
  Emulator Hub running at localhost:4400
  Other reserved ports: 4500

Issues? Report them at https://github.com/firebase/firebase-tools/issues and attach the *-debug.log files.
 
[debug] [2021-06-26T18:43:05.795Z] [worker-~diagnostic~-9597f54b-cc1d-4c62-9057-ef17e122111d]: IDLE {"metadata":{"emulator":{"name":"functions"},"message":"[worker-~diagnostic~-9597f54b-cc1d-4c62-9057-ef17e122111d]: IDLE"}}
[debug] [2021-06-26T18:43:14.094Z] [work-queue] {"queueLength":1,"workRunningCount":0}
[debug] [2021-06-26T18:43:14.095Z] [work-queue] {"queueLength":0,"workRunningCount":1}
[debug] [2021-06-26T18:43:14.095Z] Accepted request POST /clone-8de1f/us-central1/api/payments/create?total=801100 --> us-central1-api
[debug] [2021-06-26T18:43:14.107Z] [worker-pool] addWorker(us-central1-api) {"metadata":{"emulator":{"name":"functions"},"message":"[worker-pool] addWorker(us-central1-api)"}}
[debug] [2021-06-26T18:43:14.108Z] [worker-pool] Adding worker with key us-central1-api, total=1 {"metadata":{"emulator":{"name":"functions"},"message":"[worker-pool] Adding worker with key us-central1-api, total=1"}}
[debug] [2021-06-26T18:43:14.108Z] [worker-pool] submitWork(triggerId=us-central1-api) {"metadata":{"emulator":{"name":"functions"},"message":"[worker-pool] submitWork(triggerId=us-central1-api)"}}
[debug] [2021-06-26T18:43:14.108Z] [worker-us-central1-api-e37fe371-5244-4ae6-86ba-a1b3d8e4abf6]: Assigning socketPath: /tmp/fire_emu_70009.sock {"metadata":{"emulator":{"name":"functions"},"message":"[worker-us-central1-api-e37fe371-5244-4ae6-86ba-a1b3d8e4abf6]: Assigning socketPath: /tmp/fire_emu_70009.sock"}}
[debug] [2021-06-26T18:43:14.109Z] [worker-us-central1-api-e37fe371-5244-4ae6-86ba-a1b3d8e4abf6]: BUSY {"metadata":{"emulator":{"name":"functions"},"message":"[worker-us-central1-api-e37fe371-5244-4ae6-86ba-a1b3d8e4abf6]: BUSY"}}
[debug] [2021-06-26T18:43:14.299Z] [runtime-status] [70009] Functions runtime initialized. {"cwd":"/home/tal/Documents/amazon-clone/functions","node_version":"14.17.1"} {"metadata":{"emulator":{"name":"functions"},"function":{"name":"us-central1-api"},"message":"[runtime-status] [70009] Functions runtime initialized. {\"cwd\":\"/home/tal/Documents/amazon-clone/functions\",\"node_version\":\"14.17.1\"}"}}
[debug] [2021-06-26T18:43:14.304Z] [runtime-status] [70009] Disabled runtime features: undefined {"metadata":{"emulator":{"name":"functions"},"function":{"name":"us-central1-api"},"message":"[runtime-status] [70009] Disabled runtime features: undefined"}}
[debug] [2021-06-26T18:43:14.307Z] [runtime-status] [70009] Resolved module firebase-admin {"declared":true,"installed":true,"version":"9.10.0","resolution":"/home/tal/Documents/amazon-clone/functions/node_modules/firebase-admin/lib/index.js"} {"metadata":{"emulator":{"name":"functions"},"function":{"name":"us-central1-api"},"message":"[runtime-status] [70009] Resolved module firebase-admin {\"declared\":true,\"installed\":true,\"version\":\"9.10.0\",\"resolution\":\"/home/tal/Documents/amazon-clone/functions/node_modules/firebase-admin/lib/index.js\"}"}}
[debug] [2021-06-26T18:43:14.308Z] [runtime-status] [70009] Resolved module firebase-functions {"declared":true,"installed":true,"version":"3.14.1","resolution":"/home/tal/Documents/amazon-clone/functions/node_modules/firebase-functions/lib/index.js"} {"metadata":{"emulator":{"name":"functions"},"function":{"name":"us-central1-api"},"message":"[runtime-status] [70009] Resolved module firebase-functions {\"declared\":true,\"installed\":true,\"version\":\"3.14.1\",\"resolution\":\"/home/tal/Documents/amazon-clone/functions/node_modules/firebase-functions/lib/index.js\"}"}}
[debug] [2021-06-26T18:43:14.310Z] [runtime-status] [70009] Resolved module firebase-functions {"declared":true,"installed":true,"version":"3.14.1","resolution":"/home/tal/Documents/amazon-clone/functions/node_modules/firebase-functions/lib/index.js"} {"metadata":{"emulator":{"name":"functions"},"function":{"name":"us-central1-api"},"message":"[runtime-status] [70009] Resolved module firebase-functions {\"declared\":true,\"installed\":true,\"version\":\"3.14.1\",\"resolution\":\"/home/tal/Documents/amazon-clone/functions/node_modules/firebase-functions/lib/index.js\"}"}}
[debug] [2021-06-26T18:43:14.312Z] [runtime-status] [70009] Outgoing network have been stubbed. [{"name":"http","status":"mocked"},{"name":"http","status":"mocked"},{"name":"https","status":"mocked"},{"name":"https","status":"mocked"},{"name":"net","status":"mocked"}] {"metadata":{"emulator":{"name":"functions"},"function":{"name":"us-central1-api"},"message":"[runtime-status] [70009] Outgoing network have been stubbed. [{\"name\":\"http\",\"status\":\"mocked\"},{\"name\":\"http\",\"status\":\"mocked\"},{\"name\":\"https\",\"status\":\"mocked\"},{\"name\":\"https\",\"status\":\"mocked\"},{\"name\":\"net\",\"status\":\"mocked\"}]"}}
[debug] [2021-06-26T18:43:14.312Z] [runtime-status] [70009] Resolved module firebase-functions {"declared":true,"installed":true,"version":"3.14.1","resolution":"/home/tal/Documents/amazon-clone/functions/node_modules/firebase-functions/lib/index.js"} {"metadata":{"emulator":{"name":"functions"},"function":{"name":"us-central1-api"},"message":"[runtime-status] [70009] Resolved module firebase-functions {\"declared\":true,\"installed\":true,\"version\":\"3.14.1\",\"resolution\":\"/home/tal/Documents/amazon-clone/functions/node_modules/firebase-functions/lib/index.js\"}"}}
[debug] [2021-06-26T18:43:14.359Z] [runtime-status] [70009] Checked functions.config() {"config":{}} {"metadata":{"emulator":{"name":"functions"},"function":{"name":"us-central1-api"},"message":"[runtime-status] [70009] Checked functions.config() {\"config\":{}}"}}
[debug] [2021-06-26T18:43:14.360Z] [runtime-status] [70009] firebase-functions has been stubbed. {"functionsResolution":{"declared":true,"installed":true,"version":"3.14.1","resolution":"/home/tal/Documents/amazon-clone/functions/node_modules/firebase-functions/lib/index.js"}} {"metadata":{"emulator":{"name":"functions"},"function":{"name":"us-central1-api"},"message":"[runtime-status] [70009] firebase-functions has been stubbed. {\"functionsResolution\":{\"declared\":true,\"installed\":true,\"version\":\"3.14.1\",\"resolution\":\"/home/tal/Documents/amazon-clone/functions/node_modules/firebase-functions/lib/index.js\"}}"}}
[debug] [2021-06-26T18:43:14.361Z] [runtime-status] [70009] Resolved module firebase-functions {"declared":true,"installed":true,"version":"3.14.1","resolution":"/home/tal/Documents/amazon-clone/functions/node_modules/firebase-functions/lib/index.js"} {"metadata":{"emulator":{"name":"functions"},"function":{"name":"us-central1-api"},"message":"[runtime-status] [70009] Resolved module firebase-functions {\"declared\":true,\"installed\":true,\"version\":\"3.14.1\",\"resolution\":\"/home/tal/Documents/amazon-clone/functions/node_modules/firebase-functions/lib/index.js\"}"}}
[debug] [2021-06-26T18:43:14.362Z] [runtime-status] [70009] Resolved module firebase-admin {"declared":true,"installed":true,"version":"9.10.0","resolution":"/home/tal/Documents/amazon-clone/functions/node_modules/firebase-admin/lib/index.js"} {"metadata":{"emulator":{"name":"functions"},"function":{"name":"us-central1-api"},"message":"[runtime-status] [70009] Resolved module firebase-admin {\"declared\":true,\"installed\":true,\"version\":\"9.10.0\",\"resolution\":\"/home/tal/Documents/amazon-clone/functions/node_modules/firebase-admin/lib/index.js\"}"}}
[debug] [2021-06-26T18:43:14.362Z] [runtime-status] [70009] Resolved module firebase-functions {"declared":true,"installed":true,"version":"3.14.1","resolution":"/home/tal/Documents/amazon-clone/functions/node_modules/firebase-functions/lib/index.js"} {"metadata":{"emulator":{"name":"functions"},"function":{"name":"us-central1-api"},"message":"[runtime-status] [70009] Resolved module firebase-functions {\"declared\":true,\"installed\":true,\"version\":\"3.14.1\",\"resolution\":\"/home/tal/Documents/amazon-clone/functions/node_modules/firebase-functions/lib/index.js\"}"}}
[debug] [2021-06-26T18:43:14.363Z] [runtime-status] [70009] firebase-admin has been stubbed. {"adminResolution":{"declared":true,"installed":true,"version":"9.10.0","resolution":"/home/tal/Documents/amazon-clone/functions/node_modules/firebase-admin/lib/index.js"}} {"metadata":{"emulator":{"name":"functions"},"function":{"name":"us-central1-api"},"message":"[runtime-status] [70009] firebase-admin has been stubbed. {\"adminResolution\":{\"declared\":true,\"installed\":true,\"version\":\"9.10.0\",\"resolution\":\"/home/tal/Documents/amazon-clone/functions/node_modules/firebase-admin/lib/index.js\"}}"}}
[debug] [2021-06-26T18:43:14.485Z] [runtime-status] [70009] Trigger "us-central1-api" has been found, beginning invocation! {"metadata":{"emulator":{"name":"functions"},"function":{"name":"us-central1-api"},"message":"[runtime-status] [70009] Trigger \"us-central1-api\" has been found, beginning invocation!"}}
[info] i  functions: Beginning execution of "us-central1-api" {"metadata":{"emulator":{"name":"functions"},"function":{"name":"us-central1-api"},"message":"Beginning execution of \"us-central1-api\""}}
[debug] [2021-06-26T18:43:14.486Z] [runtime-status] [70009] triggerDefinition {"httpsTrigger":{},"name":"api","entryPoint":"api","regions":["us-central1"],"region":"us-central1","id":"us-central1-api"} {"metadata":{"emulator":{"name":"functions"},"function":{"name":"us-central1-api"},"message":"[runtime-status] [70009] triggerDefinition {\"httpsTrigger\":{},\"name\":\"api\",\"entryPoint\":\"api\",\"regions\":[\"us-central1\"],\"region\":\"us-central1\",\"id\":\"us-central1-api\"}"}}
[debug] [2021-06-26T18:43:14.486Z] [runtime-status] [70009] Running us-central1-api in mode HTTPS {"metadata":{"emulator":{"name":"functions"},"function":{"name":"us-central1-api"},"message":"[runtime-status] [70009] Running us-central1-api in mode HTTPS"}}
[debug] [2021-06-26T18:43:14.489Z] [runtime-status] [70009] Attempting to listen to socketPath: /tmp/fire_emu_70009.sock {"metadata":{"emulator":{"name":"functions"},"function":{"name":"us-central1-api"},"message":"[runtime-status] [70009] Attempting to listen to socketPath: /tmp/fire_emu_70009.sock"}}
[debug] [2021-06-26T18:43:14.492Z] [functions] Runtime ready! Sending request! {"metadata":{"emulator":{"name":"functions"},"message":"[functions] Runtime ready! Sending request!"}}
[debug] [2021-06-26T18:43:14.493Z] [functions] Got req.url=/clone-8de1f/us-central1/api/payments/create?total=801100, mapping to path=/payments/create?total=801100 {"metadata":{"emulator":{"name":"functions"},"message":"[functions] Got req.url=/clone-8de1f/us-central1/api/payments/create?total=801100, mapping to path=/payments/create?total=801100"}}
[debug] [2021-06-26T18:43:14.506Z] [runtime-status] [70009] Ephemeral server handling POST request {"metadata":{"emulator":{"name":"functions"},"function":{"name":"us-central1-api"},"message":"[runtime-status] [70009] Ephemeral server handling POST request"}}
[info] >  Payment Request Recieved BOOM!! for this amount >>> 801100 {"user":"Payment Request Recieved BOOM!! for this amount >>> 801100","metadata":{"emulator":{"name":"functions"},"function":{"name":"us-central1-api"},"message":"\u001b[90m> \u001b[39m Payment Request Recieved BOOM!! for this amount >>> 801100"}}
[debug] [2021-06-26T18:43:14.523Z] [runtime-status] [70009] Ephemeral server survived. {"metadata":{"emulator":{"name":"functions"},"function":{"name":"us-central1-api"},"message":"[runtime-status] [70009] Ephemeral server survived."}}
[info] >  pi_1J6gTHHGOQtEdvBHf0Lzd3IV_secret_g7mBF97FiTLXEHRgaJmT127Es {"user":"pi_1J6gTHHGOQtEdvBHf0Lzd3IV_secret_g7mBF97FiTLXEHRgaJmT127Es","metadata":{"emulator":{"name":"functions"},"function":{"name":"us-central1-api"},"message":"\u001b[90m> \u001b[39m pi_1J6gTHHGOQtEdvBHf0Lzd3IV_secret_g7mBF97FiTLXEHRgaJmT127Es"}}
[info] i  functions: Finished "us-central1-api" in ~1s {"metadata":{"emulator":{"name":"functions"},"function":{"name":"us-central1-api"},"message":"Finished \"us-central1-api\" in ~1s"}}
[debug] [2021-06-26T18:43:15.127Z] [worker-us-central1-api-e37fe371-5244-4ae6-86ba-a1b3d8e4abf6]: IDLE {"metadata":{"emulator":{"name":"functions"},"message":"[worker-us-central1-api-e37fe371-5244-4ae6-86ba-a1b3d8e4abf6]: IDLE"}}
[debug] [2021-06-26T18:43:15.128Z] [work-queue] {"queueLength":0,"workRunningCount":0}
[debug] [2021-06-26T18:43:58.640Z] File /home/tal/Documents/amazon-clone/functions/index.js changed, reloading triggers {"metadata":{"emulator":{"name":"functions"},"message":"File /home/tal/Documents/amazon-clone/functions/index.js changed, reloading triggers"}}
[debug] [2021-06-26T18:43:59.642Z] [worker-pool] Shutting down IDLE worker (~diagnostic~) {"metadata":{"emulator":{"name":"functions"},"message":"[worker-pool] Shutting down IDLE worker (~diagnostic~)"}}
[debug] [2021-06-26T18:43:59.643Z] [worker-~diagnostic~-9597f54b-cc1d-4c62-9057-ef17e122111d]: FINISHING {"metadata":{"emulator":{"name":"functions"},"message":"[worker-~diagnostic~-9597f54b-cc1d-4c62-9057-ef17e122111d]: FINISHING"}}
[debug] [2021-06-26T18:43:59.644Z] [worker-pool] Shutting down IDLE worker (us-central1-api) {"metadata":{"emulator":{"name":"functions"},"message":"[worker-pool] Shutting down IDLE worker (us-central1-api)"}}
[debug] [2021-06-26T18:43:59.644Z] [worker-us-central1-api-e37fe371-5244-4ae6-86ba-a1b3d8e4abf6]: FINISHING {"metadata":{"emulator":{"name":"functions"},"message":"[worker-us-central1-api-e37fe371-5244-4ae6-86ba-a1b3d8e4abf6]: FINISHING"}}
[debug] [2021-06-26T18:43:59.652Z] [worker-pool] addWorker(~diagnostic~) {"metadata":{"emulator":{"name":"functions"},"message":"[worker-pool] addWorker(~diagnostic~)"}}
[debug] [2021-06-26T18:43:59.653Z] [worker-pool] Adding worker with key ~diagnostic~, total=2 {"metadata":{"emulator":{"name":"functions"},"message":"[worker-pool] Adding worker with key ~diagnostic~, total=2"}}
[debug] [2021-06-26T18:43:59.653Z] [worker-pool] submitWork(triggerId=) {"metadata":{"emulator":{"name":"functions"},"message":"[worker-pool] submitWork(triggerId=)"}}
[debug] [2021-06-26T18:43:59.653Z] [worker-~diagnostic~-472bd36f-7a96-4401-97ec-d7674fdc3078]: Assigning socketPath: /tmp/fire_emu_70052.sock {"metadata":{"emulator":{"name":"functions"},"message":"[worker-~diagnostic~-472bd36f-7a96-4401-97ec-d7674fdc3078]: Assigning socketPath: /tmp/fire_emu_70052.sock"}}
[debug] [2021-06-26T18:43:59.653Z] [worker-~diagnostic~-472bd36f-7a96-4401-97ec-d7674fdc3078]: BUSY {"metadata":{"emulator":{"name":"functions"},"message":"[worker-~diagnostic~-472bd36f-7a96-4401-97ec-d7674fdc3078]: BUSY"}}
[debug] [2021-06-26T18:43:59.656Z] [worker-~diagnostic~-9597f54b-cc1d-4c62-9057-ef17e122111d]: exited {"metadata":{"emulator":{"name":"functions"},"message":"[worker-~diagnostic~-9597f54b-cc1d-4c62-9057-ef17e122111d]: exited"}}
[debug] [2021-06-26T18:43:59.656Z] [worker-~diagnostic~-9597f54b-cc1d-4c62-9057-ef17e122111d]: FINISHED {"metadata":{"emulator":{"name":"functions"},"message":"[worker-~diagnostic~-9597f54b-cc1d-4c62-9057-ef17e122111d]: FINISHED"}}
[debug] [2021-06-26T18:43:59.657Z] [worker-us-central1-api-e37fe371-5244-4ae6-86ba-a1b3d8e4abf6]: exited {"metadata":{"emulator":{"name":"functions"},"message":"[worker-us-central1-api-e37fe371-5244-4ae6-86ba-a1b3d8e4abf6]: exited"}}
[debug] [2021-06-26T18:43:59.657Z] [worker-us-central1-api-e37fe371-5244-4ae6-86ba-a1b3d8e4abf6]: FINISHED {"metadata":{"emulator":{"name":"functions"},"message":"[worker-us-central1-api-e37fe371-5244-4ae6-86ba-a1b3d8e4abf6]: FINISHED"}}
[debug] [2021-06-26T18:43:59.763Z] [runtime-status] [70052] Functions runtime initialized. {"cwd":"/home/tal/Documents/amazon-clone/functions","node_version":"14.17.1"} {"metadata":{"emulator":{"name":"functions"},"message":"[runtime-status] [70052] Functions runtime initialized. {\"cwd\":\"/home/tal/Documents/amazon-clone/functions\",\"node_version\":\"14.17.1\"}"}}
[debug] [2021-06-26T18:43:59.764Z] [runtime-status] [70052] Disabled runtime features: undefined {"metadata":{"emulator":{"name":"functions"},"message":"[runtime-status] [70052] Disabled runtime features: undefined"}}
[debug] [2021-06-26T18:43:59.766Z] [runtime-status] [70052] Resolved module firebase-admin {"declared":true,"installed":true,"version":"9.10.0","resolution":"/home/tal/Documents/amazon-clone/functions/node_modules/firebase-admin/lib/index.js"} {"metadata":{"emulator":{"name":"functions"},"message":"[runtime-status] [70052] Resolved module firebase-admin {\"declared\":true,\"installed\":true,\"version\":\"9.10.0\",\"resolution\":\"/home/tal/Documents/amazon-clone/functions/node_modules/firebase-admin/lib/index.js\"}"}}
[debug] [2021-06-26T18:43:59.767Z] [runtime-status] [70052] Resolved module firebase-functions {"declared":true,"installed":true,"version":"3.14.1","resolution":"/home/tal/Documents/amazon-clone/functions/node_modules/firebase-functions/lib/index.js"} {"metadata":{"emulator":{"name":"functions"},"message":"[runtime-status] [70052] Resolved module firebase-functions {\"declared\":true,\"installed\":true,\"version\":\"3.14.1\",\"resolution\":\"/home/tal/Documents/amazon-clone/functions/node_modules/firebase-functions/lib/index.js\"}"}}
[debug] [2021-06-26T18:43:59.768Z] [runtime-status] [70052] Resolved module firebase-functions {"declared":true,"installed":true,"version":"3.14.1","resolution":"/home/tal/Documents/amazon-clone/functions/node_modules/firebase-functions/lib/index.js"} {"metadata":{"emulator":{"name":"functions"},"message":"[runtime-status] [70052] Resolved module firebase-functions {\"declared\":true,\"installed\":true,\"version\":\"3.14.1\",\"resolution\":\"/home/tal/Documents/amazon-clone/functions/node_modules/firebase-functions/lib/index.js\"}"}}
[debug] [2021-06-26T18:43:59.769Z] [runtime-status] [70052] Outgoing network have been stubbed. [{"name":"http","status":"mocked"},{"name":"http","status":"mocked"},{"name":"https","status":"mocked"},{"name":"https","status":"mocked"},{"name":"net","status":"mocked"}] {"metadata":{"emulator":{"name":"functions"},"message":"[runtime-status] [70052] Outgoing network have been stubbed. [{\"name\":\"http\",\"status\":\"mocked\"},{\"name\":\"http\",\"status\":\"mocked\"},{\"name\":\"https\",\"status\":\"mocked\"},{\"name\":\"https\",\"status\":\"mocked\"},{\"name\":\"net\",\"status\":\"mocked\"}]"}}
[debug] [2021-06-26T18:43:59.770Z] [runtime-status] [70052] Resolved module firebase-functions {"declared":true,"installed":true,"version":"3.14.1","resolution":"/home/tal/Documents/amazon-clone/functions/node_modules/firebase-functions/lib/index.js"} {"metadata":{"emulator":{"name":"functions"},"message":"[runtime-status] [70052] Resolved module firebase-functions {\"declared\":true,\"installed\":true,\"version\":\"3.14.1\",\"resolution\":\"/home/tal/Documents/amazon-clone/functions/node_modules/firebase-functions/lib/index.js\"}"}}
[debug] [2021-06-26T18:43:59.796Z] [runtime-status] [70052] Checked functions.config() {"config":{}} {"metadata":{"emulator":{"name":"functions"},"message":"[runtime-status] [70052] Checked functions.config() {\"config\":{}}"}}
[debug] [2021-06-26T18:43:59.796Z] [runtime-status] [70052] firebase-functions has been stubbed. {"functionsResolution":{"declared":true,"installed":true,"version":"3.14.1","resolution":"/home/tal/Documents/amazon-clone/functions/node_modules/firebase-functions/lib/index.js"}} {"metadata":{"emulator":{"name":"functions"},"message":"[runtime-status] [70052] firebase-functions has been stubbed. {\"functionsResolution\":{\"declared\":true,\"installed\":true,\"version\":\"3.14.1\",\"resolution\":\"/home/tal/Documents/amazon-clone/functions/node_modules/firebase-functions/lib/index.js\"}}"}}
[debug] [2021-06-26T18:43:59.797Z] [runtime-status] [70052] Resolved module firebase-functions {"declared":true,"installed":true,"version":"3.14.1","resolution":"/home/tal/Documents/amazon-clone/functions/node_modules/firebase-functions/lib/index.js"} {"metadata":{"emulator":{"name":"functions"},"message":"[runtime-status] [70052] Resolved module firebase-functions {\"declared\":true,\"installed\":true,\"version\":\"3.14.1\",\"resolution\":\"/home/tal/Documents/amazon-clone/functions/node_modules/firebase-functions/lib/index.js\"}"}}
[debug] [2021-06-26T18:43:59.797Z] [runtime-status] [70052] Resolved module firebase-admin {"declared":true,"installed":true,"version":"9.10.0","resolution":"/home/tal/Documents/amazon-clone/functions/node_modules/firebase-admin/lib/index.js"} {"metadata":{"emulator":{"name":"functions"},"message":"[runtime-status] [70052] Resolved module firebase-admin {\"declared\":true,\"installed\":true,\"version\":\"9.10.0\",\"resolution\":\"/home/tal/Documents/amazon-clone/functions/node_modules/firebase-admin/lib/index.js\"}"}}
[debug] [2021-06-26T18:43:59.798Z] [runtime-status] [70052] Resolved module firebase-functions {"declared":true,"installed":true,"version":"3.14.1","resolution":"/home/tal/Documents/amazon-clone/functions/node_modules/firebase-functions/lib/index.js"} {"metadata":{"emulator":{"name":"functions"},"message":"[runtime-status] [70052] Resolved module firebase-functions {\"declared\":true,\"installed\":true,\"version\":\"3.14.1\",\"resolution\":\"/home/tal/Documents/amazon-clone/functions/node_modules/firebase-functions/lib/index.js\"}"}}
[debug] [2021-06-26T18:43:59.798Z] [runtime-status] [70052] firebase-admin has been stubbed. {"adminResolution":{"declared":true,"installed":true,"version":"9.10.0","resolution":"/home/tal/Documents/amazon-clone/functions/node_modules/firebase-admin/lib/index.js"}} {"metadata":{"emulator":{"name":"functions"},"message":"[runtime-status] [70052] firebase-admin has been stubbed. {\"adminResolution\":{\"declared\":true,\"installed\":true,\"version\":\"9.10.0\",\"resolution\":\"/home/tal/Documents/amazon-clone/functions/node_modules/firebase-admin/lib/index.js\"}}"}}
[debug] [2021-06-26T18:43:59.862Z] [worker-~diagnostic~-472bd36f-7a96-4401-97ec-d7674fdc3078]: IDLE {"metadata":{"emulator":{"name":"functions"},"message":"[worker-~diagnostic~-472bd36f-7a96-4401-97ec-d7674fdc3078]: IDLE"}}
[debug] [2021-06-26T18:51:51.488Z] File /home/tal/Documents/amazon-clone/functions/index.js changed, reloading triggers {"metadata":{"emulator":{"name":"functions"},"message":"File /home/tal/Documents/amazon-clone/functions/index.js changed, reloading triggers"}}
[debug] [2021-06-26T18:51:52.490Z] [worker-pool] Shutting down IDLE worker (~diagnostic~) {"metadata":{"emulator":{"name":"functions"},"message":"[worker-pool] Shutting down IDLE worker (~diagnostic~)"}}
[debug] [2021-06-26T18:51:52.491Z] [worker-~diagnostic~-472bd36f-7a96-4401-97ec-d7674fdc3078]: FINISHING {"metadata":{"emulator":{"name":"functions"},"message":"[worker-~diagnostic~-472bd36f-7a96-4401-97ec-d7674fdc3078]: FINISHING"}}
[debug] [2021-06-26T18:51:52.491Z] [worker-pool] Cleaned up workers for ~diagnostic~: 2 --> 1 {"metadata":{"emulator":{"name":"functions"},"message":"[worker-pool] Cleaned up workers for ~diagnostic~: 2 --> 1"}}
[debug] [2021-06-26T18:51:52.492Z] [worker-pool] Cleaned up workers for us-central1-api: 1 --> 0 {"metadata":{"emulator":{"name":"functions"},"message":"[worker-pool] Cleaned up workers for us-central1-api: 1 --> 0"}}
[debug] [2021-06-26T18:51:52.507Z] [worker-pool] addWorker(~diagnostic~) {"metadata":{"emulator":{"name":"functions"},"message":"[worker-pool] addWorker(~diagnostic~)"}}
[debug] [2021-06-26T18:51:52.508Z] [worker-pool] Adding worker with key ~diagnostic~, total=2 {"metadata":{"emulator":{"name":"functions"},"message":"[worker-pool] Adding worker with key ~diagnostic~, total=2"}}
[debug] [2021-06-26T18:51:52.508Z] [worker-pool] submitWork(triggerId=) {"metadata":{"emulator":{"name":"functions"},"message":"[worker-pool] submitWork(triggerId=)"}}
[debug] [2021-06-26T18:51:52.509Z] [worker-~diagnostic~-c0f94455-a9f3-46ff-a871-105f1a6f1d7b]: Assigning socketPath: /tmp/fire_emu_70508.sock {"metadata":{"emulator":{"name":"functions"},"message":"[worker-~diagnostic~-c0f94455-a9f3-46ff-a871-105f1a6f1d7b]: Assigning socketPath: /tmp/fire_emu_70508.sock"}}
[debug] [2021-06-26T18:51:52.509Z] [worker-~diagnostic~-c0f94455-a9f3-46ff-a871-105f1a6f1d7b]: BUSY {"metadata":{"emulator":{"name":"functions"},"message":"[worker-~diagnostic~-c0f94455-a9f3-46ff-a871-105f1a6f1d7b]: BUSY"}}
[debug] [2021-06-26T18:51:52.514Z] [worker-~diagnostic~-472bd36f-7a96-4401-97ec-d7674fdc3078]: exited {"metadata":{"emulator":{"name":"functions"},"message":"[worker-~diagnostic~-472bd36f-7a96-4401-97ec-d7674fdc3078]: exited"}}
[debug] [2021-06-26T18:51:52.515Z] [worker-~diagnostic~-472bd36f-7a96-4401-97ec-d7674fdc3078]: FINISHED {"metadata":{"emulator":{"name":"functions"},"message":"[worker-~diagnostic~-472bd36f-7a96-4401-97ec-d7674fdc3078]: FINISHED"}}
[debug] [2021-06-26T18:51:52.651Z] [runtime-status] [70508] Functions runtime initialized. {"cwd":"/home/tal/Documents/amazon-clone/functions","node_version":"14.17.1"} {"metadata":{"emulator":{"name":"functions"},"message":"[runtime-status] [70508] Functions runtime initialized. {\"cwd\":\"/home/tal/Documents/amazon-clone/functions\",\"node_version\":\"14.17.1\"}"}}
[debug] [2021-06-26T18:51:52.654Z] [runtime-status] [70508] Disabled runtime features: undefined {"metadata":{"emulator":{"name":"functions"},"message":"[runtime-status] [70508] Disabled runtime features: undefined"}}
[debug] [2021-06-26T18:51:52.656Z] [runtime-status] [70508] Resolved module firebase-admin {"declared":true,"installed":true,"version":"9.10.0","resolution":"/home/tal/Documents/amazon-clone/functions/node_modules/firebase-admin/lib/index.js"} {"metadata":{"emulator":{"name":"functions"},"message":"[runtime-status] [70508] Resolved module firebase-admin {\"declared\":true,\"installed\":true,\"version\":\"9.10.0\",\"resolution\":\"/home/tal/Documents/amazon-clone/functions/node_modules/firebase-admin/lib/index.js\"}"}}
[debug] [2021-06-26T18:51:52.657Z] [runtime-status] [70508] Resolved module firebase-functions {"declared":true,"installed":true,"version":"3.14.1","resolution":"/home/tal/Documents/amazon-clone/functions/node_modules/firebase-functions/lib/index.js"} {"metadata":{"emulator":{"name":"functions"},"message":"[runtime-status] [70508] Resolved module firebase-functions {\"declared\":true,\"installed\":true,\"version\":\"3.14.1\",\"resolution\":\"/home/tal/Documents/amazon-clone/functions/node_modules/firebase-functions/lib/index.js\"}"}}
[debug] [2021-06-26T18:51:52.658Z] [runtime-status] [70508] Resolved module firebase-functions {"declared":true,"installed":true,"version":"3.14.1","resolution":"/home/tal/Documents/amazon-clone/functions/node_modules/firebase-functions/lib/index.js"} {"metadata":{"emulator":{"name":"functions"},"message":"[runtime-status] [70508] Resolved module firebase-functions {\"declared\":true,\"installed\":true,\"version\":\"3.14.1\",\"resolution\":\"/home/tal/Documents/amazon-clone/functions/node_modules/firebase-functions/lib/index.js\"}"}}
[debug] [2021-06-26T18:51:52.660Z] [runtime-status] [70508] Outgoing network have been stubbed. [{"name":"http","status":"mocked"},{"name":"http","status":"mocked"},{"name":"https","status":"mocked"},{"name":"https","status":"mocked"},{"name":"net","status":"mocked"}] {"metadata":{"emulator":{"name":"functions"},"message":"[runtime-status] [70508] Outgoing network have been stubbed. [{\"name\":\"http\",\"status\":\"mocked\"},{\"name\":\"http\",\"status\":\"mocked\"},{\"name\":\"https\",\"status\":\"mocked\"},{\"name\":\"https\",\"status\":\"mocked\"},{\"name\":\"net\",\"status\":\"mocked\"}]"}}
[debug] [2021-06-26T18:51:52.661Z] [runtime-status] [70508] Resolved module firebase-functions {"declared":true,"installed":true,"version":"3.14.1","resolution":"/home/tal/Documents/amazon-clone/functions/node_modules/firebase-functions/lib/index.js"} {"metadata":{"emulator":{"name":"functions"},"message":"[runtime-status] [70508] Resolved module firebase-functions {\"declared\":true,\"installed\":true,\"version\":\"3.14.1\",\"resolution\":\"/home/tal/Documents/amazon-clone/functions/node_modules/firebase-functions/lib/index.js\"}"}}
[debug] [2021-06-26T18:51:52.702Z] [runtime-status] [70508] Checked functions.config() {"config":{}} {"metadata":{"emulator":{"name":"functions"},"message":"[runtime-status] [70508] Checked functions.config() {\"config\":{}}"}}
[debug] [2021-06-26T18:51:52.702Z] [runtime-status] [70508] firebase-functions has been stubbed. {"functionsResolution":{"declared":true,"installed":true,"version":"3.14.1","resolution":"/home/tal/Documents/amazon-clone/functions/node_modules/firebase-functions/lib/index.js"}} {"metadata":{"emulator":{"name":"functions"},"message":"[runtime-status] [70508] firebase-functions has been stubbed. {\"functionsResolution\":{\"declared\":true,\"installed\":true,\"version\":\"3.14.1\",\"resolution\":\"/home/tal/Documents/amazon-clone/functions/node_modules/firebase-functions/lib/index.js\"}}"}}
[debug] [2021-06-26T18:51:52.703Z] [runtime-status] [70508] Resolved module firebase-functions {"declared":true,"installed":true,"version":"3.14.1","resolution":"/home/tal/Documents/amazon-clone/functions/node_modules/firebase-functions/lib/index.js"} {"metadata":{"emulator":{"name":"functions"},"message":"[runtime-status] [70508] Resolved module firebase-functions {\"declared\":true,\"installed\":true,\"version\":\"3.14.1\",\"resolution\":\"/home/tal/Documents/amazon-clone/functions/node_modules/firebase-functions/lib/index.js\"}"}}
[debug] [2021-06-26T18:51:52.704Z] [runtime-status] [70508] Resolved module firebase-admin {"declared":true,"installed":true,"version":"9.10.0","resolution":"/home/tal/Documents/amazon-clone/functions/node_modules/firebase-admin/lib/index.js"} {"metadata":{"emulator":{"name":"functions"},"message":"[runtime-status] [70508] Resolved module firebase-admin {\"declared\":true,\"installed\":true,\"version\":\"9.10.0\",\"resolution\":\"/home/tal/Documents/amazon-clone/functions/node_modules/firebase-admin/lib/index.js\"}"}}
[debug] [2021-06-26T18:51:52.704Z] [runtime-status] [70508] Resolved module firebase-functions {"declared":true,"installed":true,"version":"3.14.1","resolution":"/home/tal/Documents/amazon-clone/functions/node_modules/firebase-functions/lib/index.js"} {"metadata":{"emulator":{"name":"functions"},"message":"[runtime-status] [70508] Resolved module firebase-functions {\"declared\":true,\"installed\":true,\"version\":\"3.14.1\",\"resolution\":\"/home/tal/Documents/amazon-clone/functions/node_modules/firebase-functions/lib/index.js\"}"}}
[debug] [2021-06-26T18:51:52.705Z] [runtime-status] [70508] firebase-admin has been stubbed. {"adminResolution":{"declared":true,"installed":true,"version":"9.10.0","resolution":"/home/tal/Documents/amazon-clone/functions/node_modules/firebase-admin/lib/index.js"}} {"metadata":{"emulator":{"name":"functions"},"message":"[runtime-status] [70508] firebase-admin has been stubbed. {\"adminResolution\":{\"declared\":true,\"installed\":true,\"version\":\"9.10.0\",\"resolution\":\"/home/tal/Documents/amazon-clone/functions/node_modules/firebase-admin/lib/index.js\"}}"}}
[debug] [2021-06-26T18:51:52.786Z] [worker-~diagnostic~-c0f94455-a9f3-46ff-a871-105f1a6f1d7b]: IDLE {"metadata":{"emulator":{"name":"functions"},"message":"[worker-~diagnostic~-c0f94455-a9f3-46ff-a871-105f1a6f1d7b]: IDLE"}}
[debug] [2021-06-26T18:52:13.501Z] [work-queue] {"queueLength":1,"workRunningCount":0}
[debug] [2021-06-26T18:52:13.501Z] [work-queue] {"queueLength":0,"workRunningCount":1}
[debug] [2021-06-26T18:52:13.501Z] Accepted request POST /clone-8de1f/us-central1/api/payments/create?total=74900 --> us-central1-api
[debug] [2021-06-26T18:52:13.502Z] [worker-pool] Cleaned up workers for ~diagnostic~: 2 --> 1 {"metadata":{"emulator":{"name":"functions"},"message":"[worker-pool] Cleaned up workers for ~diagnostic~: 2 --> 1"}}
[debug] [2021-06-26T18:52:13.509Z] [worker-pool] addWorker(us-central1-api) {"metadata":{"emulator":{"name":"functions"},"message":"[worker-pool] addWorker(us-central1-api)"}}
[debug] [2021-06-26T18:52:13.509Z] [worker-pool] Adding worker with key us-central1-api, total=1 {"metadata":{"emulator":{"name":"functions"},"message":"[worker-pool] Adding worker with key us-central1-api, total=1"}}
[debug] [2021-06-26T18:52:13.509Z] [worker-pool] submitWork(triggerId=us-central1-api) {"metadata":{"emulator":{"name":"functions"},"message":"[worker-pool] submitWork(triggerId=us-central1-api)"}}
[debug] [2021-06-26T18:52:13.509Z] [worker-us-central1-api-9c3eb205-43ee-4fd4-b103-27c784143d1d]: Assigning socketPath: /tmp/fire_emu_70562.sock {"metadata":{"emulator":{"name":"functions"},"message":"[worker-us-central1-api-9c3eb205-43ee-4fd4-b103-27c784143d1d]: Assigning socketPath: /tmp/fire_emu_70562.sock"}}
[debug] [2021-06-26T18:52:13.509Z] [worker-us-central1-api-9c3eb205-43ee-4fd4-b103-27c784143d1d]: BUSY {"metadata":{"emulator":{"name":"functions"},"message":"[worker-us-central1-api-9c3eb205-43ee-4fd4-b103-27c784143d1d]: BUSY"}}
[debug] [2021-06-26T18:52:13.636Z] [runtime-status] [70562] Functions runtime initialized. {"cwd":"/home/tal/Documents/amazon-clone/functions","node_version":"14.17.1"} {"metadata":{"emulator":{"name":"functions"},"function":{"name":"us-central1-api"},"message":"[runtime-status] [70562] Functions runtime initialized. {\"cwd\":\"/home/tal/Documents/amazon-clone/functions\",\"node_version\":\"14.17.1\"}"}}
[debug] [2021-06-26T18:52:13.640Z] [runtime-status] [70562] Disabled runtime features: undefined {"metadata":{"emulator":{"name":"functions"},"function":{"name":"us-central1-api"},"message":"[runtime-status] [70562] Disabled runtime features: undefined"}}
[debug] [2021-06-26T18:52:13.643Z] [runtime-status] [70562] Resolved module firebase-admin {"declared":true,"installed":true,"version":"9.10.0","resolution":"/home/tal/Documents/amazon-clone/functions/node_modules/firebase-admin/lib/index.js"} {"metadata":{"emulator":{"name":"functions"},"function":{"name":"us-central1-api"},"message":"[runtime-status] [70562] Resolved module firebase-admin {\"declared\":true,\"installed\":true,\"version\":\"9.10.0\",\"resolution\":\"/home/tal/Documents/amazon-clone/functions/node_modules/firebase-admin/lib/index.js\"}"}}
[debug] [2021-06-26T18:52:13.644Z] [runtime-status] [70562] Resolved module firebase-functions {"declared":true,"installed":true,"version":"3.14.1","resolution":"/home/tal/Documents/amazon-clone/functions/node_modules/firebase-functions/lib/index.js"} {"metadata":{"emulator":{"name":"functions"},"function":{"name":"us-central1-api"},"message":"[runtime-status] [70562] Resolved module firebase-functions {\"declared\":true,\"installed\":true,\"version\":\"3.14.1\",\"resolution\":\"/home/tal/Documents/amazon-clone/functions/node_modules/firebase-functions/lib/index.js\"}"}}
[debug] [2021-06-26T18:52:13.651Z] [runtime-status] [70562] Resolved module firebase-functions {"declared":true,"installed":true,"version":"3.14.1","resolution":"/home/tal/Documents/amazon-clone/functions/node_modules/firebase-functions/lib/index.js"} {"metadata":{"emulator":{"name":"functions"},"function":{"name":"us-central1-api"},"message":"[runtime-status] [70562] Resolved module firebase-functions {\"declared\":true,\"installed\":true,\"version\":\"3.14.1\",\"resolution\":\"/home/tal/Documents/amazon-clone/functions/node_modules/firebase-functions/lib/index.js\"}"}}
[debug] [2021-06-26T18:52:13.651Z] [runtime-status] [70562] Outgoing network have been stubbed. [{"name":"http","status":"mocked"},{"name":"http","status":"mocked"},{"name":"https","status":"mocked"},{"name":"https","status":"mocked"},{"name":"net","status":"mocked"}] {"metadata":{"emulator":{"name":"functions"},"function":{"name":"us-central1-api"},"message":"[runtime-status] [70562] Outgoing network have been stubbed. [{\"name\":\"http\",\"status\":\"mocked\"},{\"name\":\"http\",\"status\":\"mocked\"},{\"name\":\"https\",\"status\":\"mocked\"},{\"name\":\"https\",\"status\":\"mocked\"},{\"name\":\"net\",\"status\":\"mocked\"}]"}}
[debug] [2021-06-26T18:52:13.651Z] [runtime-status] [70562] Resolved module firebase-functions {"declared":true,"installed":true,"version":"3.14.1","resolution":"/home/tal/Documents/amazon-clone/functions/node_modules/firebase-functions/lib/index.js"} {"metadata":{"emulator":{"name":"functions"},"function":{"name":"us-central1-api"},"message":"[runtime-status] [70562] Resolved module firebase-functions {\"declared\":true,\"installed\":true,\"version\":\"3.14.1\",\"resolution\":\"/home/tal/Documents/amazon-clone/functions/node_modules/firebase-functions/lib/index.js\"}"}}
[debug] [2021-06-26T18:52:13.691Z] [runtime-status] [70562] Checked functions.config() {"config":{}} {"metadata":{"emulator":{"name":"functions"},"function":{"name":"us-central1-api"},"message":"[runtime-status] [70562] Checked functions.config() {\"config\":{}}"}}
[debug] [2021-06-26T18:52:13.691Z] [runtime-status] [70562] firebase-functions has been stubbed. {"functionsResolution":{"declared":true,"installed":true,"version":"3.14.1","resolution":"/home/tal/Documents/amazon-clone/functions/node_modules/firebase-functions/lib/index.js"}} {"metadata":{"emulator":{"name":"functions"},"function":{"name":"us-central1-api"},"message":"[runtime-status] [70562] firebase-functions has been stubbed. {\"functionsResolution\":{\"declared\":true,\"installed\":true,\"version\":\"3.14.1\",\"resolution\":\"/home/tal/Documents/amazon-clone/functions/node_modules/firebase-functions/lib/index.js\"}}"}}
[debug] [2021-06-26T18:52:13.692Z] [runtime-status] [70562] Resolved module firebase-functions {"declared":true,"installed":true,"version":"3.14.1","resolution":"/home/tal/Documents/amazon-clone/functions/node_modules/firebase-functions/lib/index.js"} {"metadata":{"emulator":{"name":"functions"},"function":{"name":"us-central1-api"},"message":"[runtime-status] [70562] Resolved module firebase-functions {\"declared\":true,\"installed\":true,\"version\":\"3.14.1\",\"resolution\":\"/home/tal/Documents/amazon-clone/functions/node_modules/firebase-functions/lib/index.js\"}"}}
[debug] [2021-06-26T18:52:13.693Z] [runtime-status] [70562] Resolved module firebase-admin {"declared":true,"installed":true,"version":"9.10.0","resolution":"/home/tal/Documents/amazon-clone/functions/node_modules/firebase-admin/lib/index.js"} {"metadata":{"emulator":{"name":"functions"},"function":{"name":"us-central1-api"},"message":"[runtime-status] [70562] Resolved module firebase-admin {\"declared\":true,\"installed\":true,\"version\":\"9.10.0\",\"resolution\":\"/home/tal/Documents/amazon-clone/functions/node_modules/firebase-admin/lib/index.js\"}"}}
[debug] [2021-06-26T18:52:13.693Z] [runtime-status] [70562] Resolved module firebase-functions {"declared":true,"installed":true,"version":"3.14.1","resolution":"/home/tal/Documents/amazon-clone/functions/node_modules/firebase-functions/lib/index.js"} {"metadata":{"emulator":{"name":"functions"},"function":{"name":"us-central1-api"},"message":"[runtime-status] [70562] Resolved module firebase-functions {\"declared\":true,\"installed\":true,\"version\":\"3.14.1\",\"resolution\":\"/home/tal/Documents/amazon-clone/functions/node_modules/firebase-functions/lib/index.js\"}"}}
[debug] [2021-06-26T18:52:13.694Z] [runtime-status] [70562] firebase-admin has been stubbed. {"adminResolution":{"declared":true,"installed":true,"version":"9.10.0","resolution":"/home/tal/Documents/amazon-clone/functions/node_modules/firebase-admin/lib/index.js"}} {"metadata":{"emulator":{"name":"functions"},"function":{"name":"us-central1-api"},"message":"[runtime-status] [70562] firebase-admin has been stubbed. {\"adminResolution\":{\"declared\":true,\"installed\":true,\"version\":\"9.10.0\",\"resolution\":\"/home/tal/Documents/amazon-clone/functions/node_modules/firebase-admin/lib/index.js\"}}"}}
[debug] [2021-06-26T18:52:13.770Z] [runtime-status] [70562] Trigger "us-central1-api" has been found, beginning invocation! {"metadata":{"emulator":{"name":"functions"},"function":{"name":"us-central1-api"},"message":"[runtime-status] [70562] Trigger \"us-central1-api\" has been found, beginning invocation!"}}
[info] i  functions: Beginning execution of "us-central1-api" {"metadata":{"emulator":{"name":"functions"},"function":{"name":"us-central1-api"},"message":"Beginning execution of \"us-central1-api\""}}
[debug] [2021-06-26T18:52:13.771Z] [runtime-status] [70562] triggerDefinition {"httpsTrigger":{},"name":"api","entryPoint":"api","regions":["us-central1"],"region":"us-central1","id":"us-central1-api"} {"metadata":{"emulator":{"name":"functions"},"function":{"name":"us-central1-api"},"message":"[runtime-status] [70562] triggerDefinition {\"httpsTrigger\":{},\"name\":\"api\",\"entryPoint\":\"api\",\"regions\":[\"us-central1\"],\"region\":\"us-central1\",\"id\":\"us-central1-api\"}"}}
[debug] [2021-06-26T18:52:13.771Z] [runtime-status] [70562] Running us-central1-api in mode HTTPS {"metadata":{"emulator":{"name":"functions"},"function":{"name":"us-central1-api"},"message":"[runtime-status] [70562] Running us-central1-api in mode HTTPS"}}
[debug] [2021-06-26T18:52:13.774Z] [runtime-status] [70562] Attempting to listen to socketPath: /tmp/fire_emu_70562.sock {"metadata":{"emulator":{"name":"functions"},"function":{"name":"us-central1-api"},"message":"[runtime-status] [70562] Attempting to listen to socketPath: /tmp/fire_emu_70562.sock"}}
[debug] [2021-06-26T18:52:13.781Z] [functions] Runtime ready! Sending request! {"metadata":{"emulator":{"name":"functions"},"message":"[functions] Runtime ready! Sending request!"}}
[debug] [2021-06-26T18:52:13.782Z] [functions] Got req.url=/clone-8de1f/us-central1/api/payments/create?total=74900, mapping to path=/payments/create?total=74900 {"metadata":{"emulator":{"name":"functions"},"message":"[functions] Got req.url=/clone-8de1f/us-central1/api/payments/create?total=74900, mapping to path=/payments/create?total=74900"}}
[debug] [2021-06-26T18:52:13.794Z] [runtime-status] [70562] Ephemeral server handling POST request {"metadata":{"emulator":{"name":"functions"},"function":{"name":"us-central1-api"},"message":"[runtime-status] [70562] Ephemeral server handling POST request"}}
[info] >  Payment Request Recieved BOOM!! for this amount >>> 74900 {"user":"Payment Request Recieved BOOM!! for this amount >>> 74900","metadata":{"emulator":{"name":"functions"},"function":{"name":"us-central1-api"},"message":"\u001b[90m> \u001b[39m Payment Request Recieved BOOM!! for this amount >>> 74900"}}
[debug] [2021-06-26T18:52:13.806Z] [runtime-status] [70562] Ephemeral server survived. {"metadata":{"emulator":{"name":"functions"},"function":{"name":"us-central1-api"},"message":"[runtime-status] [70562] Ephemeral server survived."}}
[info] i  functions: Finished "us-central1-api" in ~1s {"metadata":{"emulator":{"name":"functions"},"function":{"name":"us-central1-api"},"message":"Finished \"us-central1-api\" in ~1s"}}
[debug] [2021-06-26T18:52:14.349Z] [worker-us-central1-api-9c3eb205-43ee-4fd4-b103-27c784143d1d]: IDLE {"metadata":{"emulator":{"name":"functions"},"message":"[worker-us-central1-api-9c3eb205-43ee-4fd4-b103-27c784143d1d]: IDLE"}}
[debug] [2021-06-26T18:52:14.350Z] [work-queue] {"queueLength":0,"workRunningCount":0}
